{"/home/ubuntu/.openclaw/workspace/gmail-watcher/src/watcher.js": {"path":"/home/ubuntu/.openclaw/workspace/gmail-watcher/src/watcher.js","statementMap":{"0":{"start":{"line":1,"column":19},"end":{"line":1,"column":50}},"1":{"start":{"line":2,"column":11},"end":{"line":2,"column":24}},"2":{"start":{"line":3,"column":13},"end":{"line":3,"column":28}},"3":{"start":{"line":4,"column":13},"end":{"line":4,"column":28}},"4":{"start":{"line":5,"column":19},"end":{"line":5,"column":40}},"5":{"start":{"line":9,"column":8},"end":{"line":9,"column":53}},"6":{"start":{"line":10,"column":8},"end":{"line":10,"column":42}},"7":{"start":{"line":11,"column":8},"end":{"line":11,"column":56}},"8":{"start":{"line":12,"column":8},"end":{"line":12,"column":101}},"9":{"start":{"line":13,"column":8},"end":{"line":13,"column":32}},"10":{"start":{"line":14,"column":8},"end":{"line":14,"column":71}},"11":{"start":{"line":15,"column":8},"end":{"line":15,"column":63}},"12":{"start":{"line":16,"column":8},"end":{"line":16,"column":75}},"13":{"start":{"line":17,"column":8},"end":{"line":17,"column":43}},"14":{"start":{"line":19,"column":8},"end":{"line":26,"column":9}},"15":{"start":{"line":23,"column":12},"end":{"line":25,"column":15}},"16":{"start":{"line":30,"column":8},"end":{"line":72,"column":9}},"17":{"start":{"line":31,"column":12},"end":{"line":31,"column":72}},"18":{"start":{"line":32,"column":12},"end":{"line":35,"column":13}},"19":{"start":{"line":33,"column":16},"end":{"line":33,"column":113}},"20":{"start":{"line":34,"column":16},"end":{"line":34,"column":23}},"21":{"start":{"line":37,"column":32},"end":{"line":37,"column":81}},"22":{"start":{"line":38,"column":64},"end":{"line":38,"column":104}},"23":{"start":{"line":39,"column":33},"end":{"line":39,"column":99}},"24":{"start":{"line":41,"column":26},"end":{"line":41,"column":69}},"25":{"start":{"line":42,"column":12},"end":{"line":42,"column":47}},"26":{"start":{"line":45,"column":12},"end":{"line":58,"column":13}},"27":{"start":{"line":46,"column":16},"end":{"line":49,"column":19}},"28":{"start":{"line":51,"column":16},"end":{"line":51,"column":71}},"29":{"start":{"line":51,"column":39},"end":{"line":51,"column":71}},"30":{"start":{"line":52,"column":16},"end":{"line":52,"column":84}},"31":{"start":{"line":53,"column":16},"end":{"line":53,"column":82}},"32":{"start":{"line":53,"column":57},"end":{"line":53,"column":80}},"33":{"start":{"line":54,"column":16},"end":{"line":56,"column":19}},"34":{"start":{"line":55,"column":20},"end":{"line":55,"column":102}},"35":{"start":{"line":57,"column":16},"end":{"line":57,"column":131}},"36":{"start":{"line":60,"column":26},"end":{"line":60,"column":77}},"37":{"start":{"line":61,"column":24},"end":{"line":67,"column":14}},"38":{"start":{"line":69,"column":12},"end":{"line":69,"column":138}},"39":{"start":{"line":71,"column":12},"end":{"line":71,"column":93}},"40":{"start":{"line":76,"column":8},"end":{"line":84,"column":11}},"41":{"start":{"line":77,"column":12},"end":{"line":83,"column":13}},"42":{"start":{"line":78,"column":16},"end":{"line":78,"column":75}},"43":{"start":{"line":79,"column":16},"end":{"line":79,"column":79}},"44":{"start":{"line":81,"column":16},"end":{"line":81,"column":35}},"45":{"start":{"line":82,"column":16},"end":{"line":82,"column":26}},"46":{"start":{"line":88,"column":25},"end":{"line":88,"column":123}},"47":{"start":{"line":89,"column":8},"end":{"line":91,"column":9}},"48":{"start":{"line":90,"column":12},"end":{"line":90,"column":59}},"49":{"start":{"line":92,"column":8},"end":{"line":92,"column":73}},"50":{"start":{"line":95,"column":8},"end":{"line":107,"column":11}},"51":{"start":{"line":96,"column":12},"end":{"line":106,"column":15}},"52":{"start":{"line":97,"column":32},"end":{"line":100,"column":33}},"53":{"start":{"line":98,"column":20},"end":{"line":98,"column":100}},"54":{"start":{"line":99,"column":20},"end":{"line":99,"column":30}},"55":{"start":{"line":102,"column":16},"end":{"line":105,"column":19}},"56":{"start":{"line":103,"column":20},"end":{"line":103,"column":42}},"57":{"start":{"line":104,"column":20},"end":{"line":104,"column":30}},"58":{"start":{"line":111,"column":25},"end":{"line":111,"column":57}},"59":{"start":{"line":112,"column":8},"end":{"line":115,"column":9}},"60":{"start":{"line":113,"column":12},"end":{"line":113,"column":37}},"61":{"start":{"line":113,"column":26},"end":{"line":113,"column":37}},"62":{"start":{"line":114,"column":12},"end":{"line":114,"column":19}},"63":{"start":{"line":117,"column":25},"end":{"line":117,"column":49}},"64":{"start":{"line":118,"column":22},"end":{"line":121,"column":10}},"65":{"start":{"line":119,"column":29},"end":{"line":119,"column":54}},"66":{"start":{"line":120,"column":12},"end":{"line":120,"column":50}},"67":{"start":{"line":123,"column":8},"end":{"line":126,"column":9}},"68":{"start":{"line":124,"column":12},"end":{"line":124,"column":37}},"69":{"start":{"line":124,"column":26},"end":{"line":124,"column":37}},"70":{"start":{"line":125,"column":12},"end":{"line":125,"column":19}},"71":{"start":{"line":128,"column":24},"end":{"line":128,"column":25}},"72":{"start":{"line":129,"column":8},"end":{"line":143,"column":11}},"73":{"start":{"line":130,"column":29},"end":{"line":130,"column":54}},"74":{"start":{"line":131,"column":24},"end":{"line":131,"column":89}},"75":{"start":{"line":132,"column":28},"end":{"line":132,"column":69}},"76":{"start":{"line":134,"column":12},"end":{"line":142,"column":15}},"77":{"start":{"line":135,"column":16},"end":{"line":135,"column":101}},"78":{"start":{"line":135,"column":27},"end":{"line":135,"column":101}},"79":{"start":{"line":136,"column":16},"end":{"line":136,"column":91}},"80":{"start":{"line":136,"column":28},"end":{"line":136,"column":91}},"81":{"start":{"line":138,"column":16},"end":{"line":138,"column":28}},"82":{"start":{"line":139,"column":16},"end":{"line":141,"column":17}},"83":{"start":{"line":140,"column":20},"end":{"line":140,"column":45}},"84":{"start":{"line":140,"column":34},"end":{"line":140,"column":45}},"85":{"start":{"line":147,"column":21},"end":{"line":147,"column":79}},"86":{"start":{"line":150,"column":8},"end":{"line":156,"column":9}},"87":{"start":{"line":151,"column":12},"end":{"line":151,"column":109}},"88":{"start":{"line":152,"column":12},"end":{"line":154,"column":13}},"89":{"start":{"line":153,"column":16},"end":{"line":153,"column":30}},"90":{"start":{"line":155,"column":12},"end":{"line":155,"column":19}},"91":{"start":{"line":158,"column":8},"end":{"line":158,"column":35}},"92":{"start":{"line":159,"column":8},"end":{"line":161,"column":9}},"93":{"start":{"line":160,"column":12},"end":{"line":160,"column":26}},"94":{"start":{"line":165,"column":8},"end":{"line":167,"column":9}},"95":{"start":{"line":166,"column":12},"end":{"line":166,"column":51}},"96":{"start":{"line":169,"column":8},"end":{"line":171,"column":11}},"97":{"start":{"line":170,"column":12},"end":{"line":170,"column":99}},"98":{"start":{"line":174,"column":8},"end":{"line":174,"column":32}},"99":{"start":{"line":177,"column":29},"end":{"line":177,"column":52}},"100":{"start":{"line":178,"column":8},"end":{"line":181,"column":25}},"101":{"start":{"line":179,"column":12},"end":{"line":179,"column":89}},"102":{"start":{"line":180,"column":12},"end":{"line":180,"column":30}},"103":{"start":{"line":185,"column":8},"end":{"line":185,"column":45}},"104":{"start":{"line":185,"column":25},"end":{"line":185,"column":45}},"105":{"start":{"line":186,"column":8},"end":{"line":186,"column":57}},"106":{"start":{"line":186,"column":31},"end":{"line":186,"column":57}},"107":{"start":{"line":187,"column":8},"end":{"line":187,"column":70}},"108":{"start":{"line":187,"column":34},"end":{"line":187,"column":70}},"109":{"start":{"line":188,"column":8},"end":{"line":188,"column":61}},"110":{"start":{"line":192,"column":0},"end":{"line":192,"column":30}}},"fnMap":{"0":{"name":"(anonymous_0)","decl":{"start":{"line":8,"column":4},"end":{"line":8,"column":5}},"loc":{"start":{"line":8,"column":29},"end":{"line":27,"column":5}},"line":8},"1":{"name":"(anonymous_1)","decl":{"start":{"line":29,"column":4},"end":{"line":29,"column":5}},"loc":{"start":{"line":29,"column":23},"end":{"line":73,"column":5}},"line":29},"2":{"name":"(anonymous_2)","decl":{"start":{"line":53,"column":48},"end":{"line":53,"column":49}},"loc":{"start":{"line":53,"column":57},"end":{"line":53,"column":80}},"line":53},"3":{"name":"(anonymous_3)","decl":{"start":{"line":54,"column":46},"end":{"line":54,"column":47}},"loc":{"start":{"line":54,"column":55},"end":{"line":56,"column":17}},"line":54},"4":{"name":"(anonymous_4)","decl":{"start":{"line":75,"column":4},"end":{"line":75,"column":5}},"loc":{"start":{"line":75,"column":16},"end":{"line":85,"column":5}},"line":75},"5":{"name":"(anonymous_5)","decl":{"start":{"line":76,"column":33},"end":{"line":76,"column":34}},"loc":{"start":{"line":76,"column":47},"end":{"line":84,"column":9}},"line":76},"6":{"name":"(anonymous_6)","decl":{"start":{"line":87,"column":4},"end":{"line":87,"column":5}},"loc":{"start":{"line":87,"column":26},"end":{"line":108,"column":5}},"line":87},"7":{"name":"(anonymous_7)","decl":{"start":{"line":95,"column":45},"end":{"line":95,"column":46}},"loc":{"start":{"line":95,"column":51},"end":{"line":107,"column":9}},"line":95},"8":{"name":"(anonymous_8)","decl":{"start":{"line":96,"column":31},"end":{"line":96,"column":32}},"loc":{"start":{"line":96,"column":44},"end":{"line":106,"column":13}},"line":96},"9":{"name":"(anonymous_9)","decl":{"start":{"line":97,"column":43},"end":{"line":97,"column":44}},"loc":{"start":{"line":97,"column":49},"end":{"line":100,"column":17}},"line":97},"10":{"name":"(anonymous_10)","decl":{"start":{"line":102,"column":36},"end":{"line":102,"column":37}},"loc":{"start":{"line":102,"column":42},"end":{"line":105,"column":17}},"line":102},"11":{"name":"(anonymous_11)","decl":{"start":{"line":110,"column":4},"end":{"line":110,"column":5}},"loc":{"start":{"line":110,"column":29},"end":{"line":144,"column":5}},"line":110},"12":{"name":"(anonymous_12)","decl":{"start":{"line":118,"column":54},"end":{"line":118,"column":55}},"loc":{"start":{"line":118,"column":62},"end":{"line":121,"column":9}},"line":118},"13":{"name":"(anonymous_13)","decl":{"start":{"line":129,"column":22},"end":{"line":129,"column":23}},"loc":{"start":{"line":129,"column":30},"end":{"line":143,"column":9}},"line":129},"14":{"name":"(anonymous_14)","decl":{"start":{"line":134,"column":40},"end":{"line":134,"column":41}},"loc":{"start":{"line":134,"column":67},"end":{"line":142,"column":13}},"line":134},"15":{"name":"(anonymous_15)","decl":{"start":{"line":146,"column":4},"end":{"line":146,"column":5}},"loc":{"start":{"line":146,"column":27},"end":{"line":162,"column":5}},"line":146},"16":{"name":"(anonymous_16)","decl":{"start":{"line":164,"column":4},"end":{"line":164,"column":5}},"loc":{"start":{"line":164,"column":18},"end":{"line":182,"column":5}},"line":164},"17":{"name":"(anonymous_17)","decl":{"start":{"line":169,"column":57},"end":{"line":169,"column":58}},"loc":{"start":{"line":169,"column":63},"end":{"line":171,"column":9}},"line":169},"18":{"name":"(anonymous_18)","decl":{"start":{"line":178,"column":43},"end":{"line":178,"column":44}},"loc":{"start":{"line":178,"column":49},"end":{"line":181,"column":9}},"line":178},"19":{"name":"(anonymous_19)","decl":{"start":{"line":184,"column":4},"end":{"line":184,"column":5}},"loc":{"start":{"line":184,"column":11},"end":{"line":189,"column":5}},"line":184}},"branchMap":{"0":{"loc":{"start":{"line":8,"column":16},"end":{"line":8,"column":27}},"type":"default-arg","locations":[{"start":{"line":8,"column":25},"end":{"line":8,"column":27}}],"line":8},"1":{"loc":{"start":{"line":9,"column":22},"end":{"line":9,"column":52}},"type":"binary-expr","locations":[{"start":{"line":9,"column":22},"end":{"line":9,"column":35}},{"start":{"line":9,"column":39},"end":{"line":9,"column":52}}],"line":9},"2":{"loc":{"start":{"line":12,"column":25},"end":{"line":12,"column":100}},"type":"binary-expr","locations":[{"start":{"line":12,"column":25},"end":{"line":12,"column":41}},{"start":{"line":12,"column":45},"end":{"line":12,"column":100}}],"line":12},"3":{"loc":{"start":{"line":14,"column":22},"end":{"line":14,"column":70}},"type":"binary-expr","locations":[{"start":{"line":14,"column":22},"end":{"line":14,"column":35}},{"start":{"line":14,"column":39},"end":{"line":14,"column":70}}],"line":14},"4":{"loc":{"start":{"line":19,"column":8},"end":{"line":26,"column":9}},"type":"if","locations":[{"start":{"line":19,"column":8},"end":{"line":26,"column":9}},{"start":{},"end":{}}],"line":19},"5":{"loc":{"start":{"line":32,"column":12},"end":{"line":35,"column":13}},"type":"if","locations":[{"start":{"line":32,"column":12},"end":{"line":35,"column":13}},{"start":{},"end":{}}],"line":32},"6":{"loc":{"start":{"line":32,"column":16},"end":{"line":32,"column":86}},"type":"binary-expr","locations":[{"start":{"line":32,"column":16},"end":{"line":32,"column":46}},{"start":{"line":32,"column":50},"end":{"line":32,"column":86}}],"line":32},"7":{"loc":{"start":{"line":38,"column":64},"end":{"line":38,"column":104}},"type":"binary-expr","locations":[{"start":{"line":38,"column":64},"end":{"line":38,"column":85}},{"start":{"line":38,"column":89},"end":{"line":38,"column":104}}],"line":38},"8":{"loc":{"start":{"line":45,"column":12},"end":{"line":58,"column":13}},"type":"if","locations":[{"start":{"line":45,"column":12},"end":{"line":58,"column":13}},{"start":{},"end":{}}],"line":45},"9":{"loc":{"start":{"line":45,"column":16},"end":{"line":45,"column":55}},"type":"binary-expr","locations":[{"start":{"line":45,"column":16},"end":{"line":45,"column":30}},{"start":{"line":45,"column":34},"end":{"line":45,"column":55}}],"line":45},"10":{"loc":{"start":{"line":51,"column":16},"end":{"line":51,"column":71}},"type":"if","locations":[{"start":{"line":51,"column":16},"end":{"line":51,"column":71}},{"start":{},"end":{}}],"line":51},"11":{"loc":{"start":{"line":77,"column":12},"end":{"line":83,"column":13}},"type":"if","locations":[{"start":{"line":77,"column":12},"end":{"line":83,"column":13}},{"start":{"line":80,"column":19},"end":{"line":83,"column":13}}],"line":77},"12":{"loc":{"start":{"line":89,"column":8},"end":{"line":91,"column":9}},"type":"if","locations":[{"start":{"line":89,"column":8},"end":{"line":91,"column":9}},{"start":{},"end":{}}],"line":89},"13":{"loc":{"start":{"line":112,"column":8},"end":{"line":115,"column":9}},"type":"if","locations":[{"start":{"line":112,"column":8},"end":{"line":115,"column":9}},{"start":{},"end":{}}],"line":112},"14":{"loc":{"start":{"line":113,"column":12},"end":{"line":113,"column":37}},"type":"if","locations":[{"start":{"line":113,"column":12},"end":{"line":113,"column":37}},{"start":{},"end":{}}],"line":113},"15":{"loc":{"start":{"line":123,"column":8},"end":{"line":126,"column":9}},"type":"if","locations":[{"start":{"line":123,"column":8},"end":{"line":126,"column":9}},{"start":{},"end":{}}],"line":123},"16":{"loc":{"start":{"line":124,"column":12},"end":{"line":124,"column":37}},"type":"if","locations":[{"start":{"line":124,"column":12},"end":{"line":124,"column":37}},{"start":{},"end":{}}],"line":124},"17":{"loc":{"start":{"line":131,"column":24},"end":{"line":131,"column":89}},"type":"cond-expr","locations":[{"start":{"line":131,"column":51},"end":{"line":131,"column":71}},{"start":{"line":131,"column":74},"end":{"line":131,"column":89}}],"line":131},"18":{"loc":{"start":{"line":135,"column":16},"end":{"line":135,"column":101}},"type":"if","locations":[{"start":{"line":135,"column":16},"end":{"line":135,"column":101}},{"start":{},"end":{}}],"line":135},"19":{"loc":{"start":{"line":136,"column":16},"end":{"line":136,"column":91}},"type":"if","locations":[{"start":{"line":136,"column":16},"end":{"line":136,"column":91}},{"start":{},"end":{}}],"line":136},"20":{"loc":{"start":{"line":139,"column":16},"end":{"line":141,"column":17}},"type":"if","locations":[{"start":{"line":139,"column":16},"end":{"line":141,"column":17}},{"start":{},"end":{}}],"line":139},"21":{"loc":{"start":{"line":140,"column":20},"end":{"line":140,"column":45}},"type":"if","locations":[{"start":{"line":140,"column":20},"end":{"line":140,"column":45}},{"start":{},"end":{}}],"line":140},"22":{"loc":{"start":{"line":150,"column":8},"end":{"line":156,"column":9}},"type":"if","locations":[{"start":{"line":150,"column":8},"end":{"line":156,"column":9}},{"start":{},"end":{}}],"line":150},"23":{"loc":{"start":{"line":152,"column":12},"end":{"line":154,"column":13}},"type":"if","locations":[{"start":{"line":152,"column":12},"end":{"line":154,"column":13}},{"start":{},"end":{}}],"line":152},"24":{"loc":{"start":{"line":159,"column":8},"end":{"line":161,"column":9}},"type":"if","locations":[{"start":{"line":159,"column":8},"end":{"line":161,"column":9}},{"start":{},"end":{}}],"line":159},"25":{"loc":{"start":{"line":165,"column":8},"end":{"line":167,"column":9}},"type":"if","locations":[{"start":{"line":165,"column":8},"end":{"line":167,"column":9}},{"start":{},"end":{}}],"line":165},"26":{"loc":{"start":{"line":185,"column":8},"end":{"line":185,"column":45}},"type":"if","locations":[{"start":{"line":185,"column":8},"end":{"line":185,"column":45}},{"start":{},"end":{}}],"line":185},"27":{"loc":{"start":{"line":186,"column":8},"end":{"line":186,"column":57}},"type":"if","locations":[{"start":{"line":186,"column":8},"end":{"line":186,"column":57}},{"start":{},"end":{}}],"line":186},"28":{"loc":{"start":{"line":187,"column":8},"end":{"line":187,"column":70}},"type":"if","locations":[{"start":{"line":187,"column":8},"end":{"line":187,"column":70}},{"start":{},"end":{}}],"line":187}},"s":{"0":6,"1":6,"2":6,"3":6,"4":6,"5":17,"6":17,"7":17,"8":17,"9":17,"10":17,"11":17,"12":17,"13":17,"14":17,"15":2,"16":2,"17":2,"18":2,"19":1,"20":1,"21":1,"22":1,"23":1,"24":1,"25":1,"26":1,"27":1,"28":1,"29":0,"30":1,"31":1,"32":0,"33":1,"34":0,"35":1,"36":1,"37":1,"38":1,"39":0,"40":4,"41":5,"42":2,"43":2,"44":3,"45":3,"46":7,"47":7,"48":4,"49":7,"50":7,"51":7,"52":7,"53":0,"54":0,"55":7,"56":6,"57":6,"58":6,"59":6,"60":0,"61":0,"62":0,"63":6,"64":6,"65":12,"66":12,"67":6,"68":0,"69":0,"70":0,"71":6,"72":6,"73":12,"74":12,"75":12,"76":12,"77":10,"78":1,"79":10,"80":0,"81":10,"82":10,"83":4,"84":4,"85":5,"86":5,"87":1,"88":1,"89":1,"90":1,"91":4,"92":4,"93":4,"94":2,"95":1,"96":1,"97":0,"98":1,"99":1,"100":1,"101":0,"102":0,"103":1,"104":1,"105":1,"106":0,"107":1,"108":1,"109":1,"110":6},"f":{"0":17,"1":2,"2":0,"3":0,"4":4,"5":5,"6":7,"7":7,"8":7,"9":0,"10":6,"11":6,"12":12,"13":12,"14":10,"15":5,"16":2,"17":0,"18":0,"19":1},"b":{"0":[0],"1":[17,8],"2":[17,17],"3":[17,5],"4":[2,15],"5":[1,1],"6":[2,1],"7":[1,0],"8":[1,0],"9":[1,1],"10":[0,1],"11":[2,3],"12":[4,3],"13":[0,6],"14":[0,0],"15":[0,6],"16":[0,0],"17":[11,1],"18":[1,9],"19":[0,10],"20":[4,6],"21":[4,0],"22":[1,4],"23":[1,0],"24":[4,0],"25":[1,1],"26":[1,0],"27":[0,1],"28":[1,0]},"_coverageSchema":"1a1c01bbd47fc00a2c39e90264f33305004495a9","hash":"7dd8789be03767c34036db46f0ba0d563878523c"}
}
