{"/home/ubuntu/.openclaw/workspace/gmail-watcher/hooks/netflix-verify.js": {"path":"/home/ubuntu/.openclaw/workspace/gmail-watcher/hooks/netflix-verify.js","statementMap":{"0":{"start":{"line":2,"column":11},"end":{"line":2,"column":24}},"1":{"start":{"line":3,"column":13},"end":{"line":3,"column":28}},"2":{"start":{"line":5,"column":16},"end":{"line":5,"column":70}},"3":{"start":{"line":6,"column":21},"end":{"line":6,"column":63}},"4":{"start":{"line":9,"column":0},"end":{"line":11,"column":1}},"5":{"start":{"line":10,"column":4},"end":{"line":10,"column":47}},"6":{"start":{"line":14,"column":4},"end":{"line":14,"column":25}},"7":{"start":{"line":18,"column":4},"end":{"line":18,"column":27}},"8":{"start":{"line":22,"column":4},"end":{"line":22,"column":51}},"9":{"start":{"line":22,"column":38},"end":{"line":22,"column":51}},"10":{"start":{"line":23,"column":4},"end":{"line":28,"column":5}},"11":{"start":{"line":24,"column":24},"end":{"line":24,"column":74}},"12":{"start":{"line":25,"column":8},"end":{"line":25,"column":64}},"13":{"start":{"line":27,"column":8},"end":{"line":27,"column":21}},"14":{"start":{"line":32,"column":18},"end":{"line":32,"column":20}},"15":{"start":{"line":33,"column":4},"end":{"line":40,"column":5}},"16":{"start":{"line":34,"column":8},"end":{"line":39,"column":9}},"17":{"start":{"line":35,"column":12},"end":{"line":35,"column":73}},"18":{"start":{"line":36,"column":12},"end":{"line":36,"column":54}},"19":{"start":{"line":36,"column":41},"end":{"line":36,"column":54}},"20":{"start":{"line":38,"column":12},"end":{"line":38,"column":25}},"21":{"start":{"line":41,"column":4},"end":{"line":41,"column":23}},"22":{"start":{"line":43,"column":4},"end":{"line":43,"column":60}},"23":{"start":{"line":43,"column":30},"end":{"line":43,"column":60}},"24":{"start":{"line":44,"column":4},"end":{"line":44,"column":69}},"25":{"start":{"line":48,"column":18},"end":{"line":48,"column":20}},"26":{"start":{"line":49,"column":15},"end":{"line":49,"column":17}},"27":{"start":{"line":51,"column":4},"end":{"line":56,"column":5}},"28":{"start":{"line":52,"column":30},"end":{"line":52,"column":85}},"29":{"start":{"line":52,"column":64},"end":{"line":52,"column":84}},"30":{"start":{"line":53,"column":27},"end":{"line":53,"column":79}},"31":{"start":{"line":53,"column":61},"end":{"line":53,"column":78}},"32":{"start":{"line":54,"column":8},"end":{"line":54,"column":57}},"33":{"start":{"line":54,"column":27},"end":{"line":54,"column":57}},"34":{"start":{"line":55,"column":8},"end":{"line":55,"column":48}},"35":{"start":{"line":55,"column":24},"end":{"line":55,"column":48}},"36":{"start":{"line":58,"column":4},"end":{"line":58,"column":48}},"37":{"start":{"line":61,"column":4},"end":{"line":63,"column":5}},"38":{"start":{"line":62,"column":8},"end":{"line":62,"column":15}},"39":{"start":{"line":65,"column":4},"end":{"line":65,"column":39}},"40":{"start":{"line":68,"column":15},"end":{"line":68,"column":17}},"41":{"start":{"line":69,"column":20},"end":{"line":69,"column":35}},"42":{"start":{"line":70,"column":4},"end":{"line":77,"column":5}},"43":{"start":{"line":71,"column":21},"end":{"line":71,"column":92}},"44":{"start":{"line":71,"column":45},"end":{"line":71,"column":71}},"45":{"start":{"line":72,"column":8},"end":{"line":74,"column":9}},"46":{"start":{"line":73,"column":12},"end":{"line":73,"column":75}},"47":{"start":{"line":75,"column":11},"end":{"line":77,"column":5}},"48":{"start":{"line":76,"column":8},"end":{"line":76,"column":74}},"49":{"start":{"line":79,"column":4},"end":{"line":82,"column":5}},"50":{"start":{"line":80,"column":8},"end":{"line":80,"column":24}},"51":{"start":{"line":81,"column":8},"end":{"line":81,"column":15}},"52":{"start":{"line":85,"column":22},"end":{"line":85,"column":105}},"53":{"start":{"line":86,"column":18},"end":{"line":86,"column":39}},"54":{"start":{"line":88,"column":4},"end":{"line":91,"column":5}},"55":{"start":{"line":89,"column":8},"end":{"line":89,"column":28}},"56":{"start":{"line":90,"column":8},"end":{"line":90,"column":15}},"57":{"start":{"line":93,"column":23},"end":{"line":93,"column":31}},"58":{"start":{"line":94,"column":4},"end":{"line":97,"column":5}},"59":{"start":{"line":95,"column":8},"end":{"line":95,"column":40}},"60":{"start":{"line":96,"column":8},"end":{"line":96,"column":15}},"61":{"start":{"line":99,"column":4},"end":{"line":99,"column":32}},"62":{"start":{"line":103,"column":4},"end":{"line":152,"column":5}},"63":{"start":{"line":104,"column":26},"end":{"line":104,"column":46}},"64":{"start":{"line":105,"column":8},"end":{"line":108,"column":11}},"65":{"start":{"line":109,"column":21},"end":{"line":109,"column":44}},"66":{"start":{"line":111,"column":8},"end":{"line":111,"column":31}},"67":{"start":{"line":112,"column":8},"end":{"line":112,"column":67}},"68":{"start":{"line":114,"column":31},"end":{"line":114,"column":57}},"69":{"start":{"line":115,"column":24},"end":{"line":115,"column":53}},"70":{"start":{"line":116,"column":22},"end":{"line":116,"column":27}},"71":{"start":{"line":118,"column":8},"end":{"line":126,"column":9}},"72":{"start":{"line":119,"column":25},"end":{"line":119,"column":72}},"73":{"start":{"line":119,"column":51},"end":{"line":119,"column":63}},"74":{"start":{"line":120,"column":12},"end":{"line":125,"column":13}},"75":{"start":{"line":121,"column":16},"end":{"line":121,"column":47}},"76":{"start":{"line":122,"column":16},"end":{"line":122,"column":37}},"77":{"start":{"line":123,"column":16},"end":{"line":123,"column":31}},"78":{"start":{"line":124,"column":16},"end":{"line":124,"column":22}},"79":{"start":{"line":128,"column":8},"end":{"line":146,"column":9}},"80":{"start":{"line":129,"column":12},"end":{"line":129,"column":34}},"81":{"start":{"line":130,"column":12},"end":{"line":134,"column":42}},"82":{"start":{"line":134,"column":27},"end":{"line":134,"column":40}},"83":{"start":{"line":136,"column":33},"end":{"line":136,"column":83}},"84":{"start":{"line":136,"column":59},"end":{"line":136,"column":82}},"85":{"start":{"line":137,"column":12},"end":{"line":137,"column":83}},"86":{"start":{"line":138,"column":12},"end":{"line":138,"column":38}},"87":{"start":{"line":140,"column":32},"end":{"line":140,"column":82}},"88":{"start":{"line":140,"column":58},"end":{"line":140,"column":81}},"89":{"start":{"line":141,"column":12},"end":{"line":145,"column":13}},"90":{"start":{"line":142,"column":16},"end":{"line":142,"column":37}},"91":{"start":{"line":144,"column":16},"end":{"line":144,"column":91}},"92":{"start":{"line":149,"column":8},"end":{"line":149,"column":71}},"93":{"start":{"line":151,"column":8},"end":{"line":151,"column":43}},"94":{"start":{"line":151,"column":21},"end":{"line":151,"column":43}},"95":{"start":{"line":156,"column":4},"end":{"line":191,"column":7}},"96":{"start":{"line":157,"column":24},"end":{"line":157,"column":26}},"97":{"start":{"line":159,"column":8},"end":{"line":159,"column":42}},"98":{"start":{"line":161,"column":8},"end":{"line":163,"column":11}},"99":{"start":{"line":162,"column":12},"end":{"line":162,"column":31}},"100":{"start":{"line":165,"column":8},"end":{"line":185,"column":11}},"101":{"start":{"line":166,"column":12},"end":{"line":169,"column":13}},"102":{"start":{"line":167,"column":16},"end":{"line":167,"column":26}},"103":{"start":{"line":168,"column":16},"end":{"line":168,"column":23}},"104":{"start":{"line":171,"column":12},"end":{"line":184,"column":13}},"105":{"start":{"line":172,"column":33},"end":{"line":172,"column":54}},"106":{"start":{"line":173,"column":16},"end":{"line":179,"column":17}},"107":{"start":{"line":174,"column":20},"end":{"line":176,"column":21}},"108":{"start":{"line":175,"column":24},"end":{"line":175,"column":50}},"109":{"start":{"line":177,"column":23},"end":{"line":179,"column":17}},"110":{"start":{"line":178,"column":20},"end":{"line":178,"column":51}},"111":{"start":{"line":180,"column":16},"end":{"line":180,"column":26}},"112":{"start":{"line":182,"column":16},"end":{"line":182,"column":49}},"113":{"start":{"line":183,"column":16},"end":{"line":183,"column":26}},"114":{"start":{"line":187,"column":8},"end":{"line":190,"column":11}},"115":{"start":{"line":188,"column":12},"end":{"line":188,"column":52}},"116":{"start":{"line":189,"column":12},"end":{"line":189,"column":24}},"117":{"start":{"line":194,"column":0},"end":{"line":196,"column":1}},"118":{"start":{"line":195,"column":4},"end":{"line":195,"column":10}},"119":{"start":{"line":198,"column":0},"end":{"line":205,"column":2}}},"fnMap":{"0":{"name":"log","decl":{"start":{"line":13,"column":9},"end":{"line":13,"column":12}},"loc":{"start":{"line":13,"column":22},"end":{"line":15,"column":1}},"line":13},"1":{"name":"errorLog","decl":{"start":{"line":17,"column":9},"end":{"line":17,"column":17}},"loc":{"start":{"line":17,"column":27},"end":{"line":19,"column":1}},"line":17},"2":{"name":"isAlreadyProcessed","decl":{"start":{"line":21,"column":9},"end":{"line":21,"column":27}},"loc":{"start":{"line":21,"column":34},"end":{"line":29,"column":1}},"line":21},"3":{"name":"saveToHistory","decl":{"start":{"line":31,"column":9},"end":{"line":31,"column":22}},"loc":{"start":{"line":31,"column":29},"end":{"line":45,"column":1}},"line":31},"4":{"name":"processMessage","decl":{"start":{"line":47,"column":15},"end":{"line":47,"column":29}},"loc":{"start":{"line":47,"column":39},"end":{"line":153,"column":1}},"line":47},"5":{"name":"(anonymous_5)","decl":{"start":{"line":52,"column":59},"end":{"line":52,"column":60}},"loc":{"start":{"line":52,"column":64},"end":{"line":52,"column":84}},"line":52},"6":{"name":"(anonymous_6)","decl":{"start":{"line":53,"column":56},"end":{"line":53,"column":57}},"loc":{"start":{"line":53,"column":61},"end":{"line":53,"column":78}},"line":53},"7":{"name":"(anonymous_7)","decl":{"start":{"line":71,"column":40},"end":{"line":71,"column":41}},"loc":{"start":{"line":71,"column":45},"end":{"line":71,"column":71}},"line":71},"8":{"name":"(anonymous_8)","decl":{"start":{"line":119,"column":45},"end":{"line":119,"column":46}},"loc":{"start":{"line":119,"column":51},"end":{"line":119,"column":63}},"line":119},"9":{"name":"(anonymous_9)","decl":{"start":{"line":134,"column":21},"end":{"line":134,"column":22}},"loc":{"start":{"line":134,"column":27},"end":{"line":134,"column":40}},"line":134},"10":{"name":"(anonymous_10)","decl":{"start":{"line":136,"column":53},"end":{"line":136,"column":54}},"loc":{"start":{"line":136,"column":59},"end":{"line":136,"column":82}},"line":136},"11":{"name":"(anonymous_11)","decl":{"start":{"line":140,"column":52},"end":{"line":140,"column":53}},"loc":{"start":{"line":140,"column":58},"end":{"line":140,"column":81}},"line":140},"12":{"name":"run","decl":{"start":{"line":155,"column":15},"end":{"line":155,"column":18}},"loc":{"start":{"line":155,"column":21},"end":{"line":192,"column":1}},"line":155},"13":{"name":"(anonymous_13)","decl":{"start":{"line":156,"column":23},"end":{"line":156,"column":24}},"loc":{"start":{"line":156,"column":44},"end":{"line":191,"column":5}},"line":156},"14":{"name":"(anonymous_14)","decl":{"start":{"line":161,"column":33},"end":{"line":161,"column":34}},"loc":{"start":{"line":161,"column":49},"end":{"line":163,"column":9}},"line":161},"15":{"name":"(anonymous_15)","decl":{"start":{"line":165,"column":32},"end":{"line":165,"column":33}},"loc":{"start":{"line":165,"column":49},"end":{"line":185,"column":9}},"line":165},"16":{"name":"(anonymous_16)","decl":{"start":{"line":187,"column":34},"end":{"line":187,"column":35}},"loc":{"start":{"line":187,"column":43},"end":{"line":190,"column":9}},"line":187}},"branchMap":{"0":{"loc":{"start":{"line":5,"column":16},"end":{"line":5,"column":70}},"type":"binary-expr","locations":[{"start":{"line":5,"column":16},"end":{"line":5,"column":35}},{"start":{"line":5,"column":39},"end":{"line":5,"column":70}}],"line":5},"1":{"loc":{"start":{"line":9,"column":0},"end":{"line":11,"column":1}},"type":"if","locations":[{"start":{"line":9,"column":0},"end":{"line":11,"column":1}},{"start":{},"end":{}}],"line":9},"2":{"loc":{"start":{"line":22,"column":4},"end":{"line":22,"column":51}},"type":"if","locations":[{"start":{"line":22,"column":4},"end":{"line":22,"column":51}},{"start":{},"end":{}}],"line":22},"3":{"loc":{"start":{"line":25,"column":15},"end":{"line":25,"column":63}},"type":"binary-expr","locations":[{"start":{"line":25,"column":15},"end":{"line":25,"column":37}},{"start":{"line":25,"column":41},"end":{"line":25,"column":63}}],"line":25},"4":{"loc":{"start":{"line":33,"column":4},"end":{"line":40,"column":5}},"type":"if","locations":[{"start":{"line":33,"column":4},"end":{"line":40,"column":5}},{"start":{},"end":{}}],"line":33},"5":{"loc":{"start":{"line":36,"column":12},"end":{"line":36,"column":54}},"type":"if","locations":[{"start":{"line":36,"column":12},"end":{"line":36,"column":54}},{"start":{},"end":{}}],"line":36},"6":{"loc":{"start":{"line":43,"column":4},"end":{"line":43,"column":60}},"type":"if","locations":[{"start":{"line":43,"column":4},"end":{"line":43,"column":60}},{"start":{},"end":{}}],"line":43},"7":{"loc":{"start":{"line":51,"column":4},"end":{"line":56,"column":5}},"type":"if","locations":[{"start":{"line":51,"column":4},"end":{"line":56,"column":5}},{"start":{},"end":{}}],"line":51},"8":{"loc":{"start":{"line":51,"column":8},"end":{"line":51,"column":50}},"type":"binary-expr","locations":[{"start":{"line":51,"column":8},"end":{"line":51,"column":23}},{"start":{"line":51,"column":27},"end":{"line":51,"column":50}}],"line":51},"9":{"loc":{"start":{"line":54,"column":8},"end":{"line":54,"column":57}},"type":"if","locations":[{"start":{"line":54,"column":8},"end":{"line":54,"column":57}},{"start":{},"end":{}}],"line":54},"10":{"loc":{"start":{"line":55,"column":8},"end":{"line":55,"column":48}},"type":"if","locations":[{"start":{"line":55,"column":8},"end":{"line":55,"column":48}},{"start":{},"end":{}}],"line":55},"11":{"loc":{"start":{"line":61,"column":4},"end":{"line":63,"column":5}},"type":"if","locations":[{"start":{"line":61,"column":4},"end":{"line":63,"column":5}},{"start":{},"end":{}}],"line":61},"12":{"loc":{"start":{"line":61,"column":8},"end":{"line":61,"column":79}},"type":"binary-expr","locations":[{"start":{"line":61,"column":8},"end":{"line":61,"column":37}},{"start":{"line":61,"column":41},"end":{"line":61,"column":79}}],"line":61},"13":{"loc":{"start":{"line":70,"column":4},"end":{"line":77,"column":5}},"type":"if","locations":[{"start":{"line":70,"column":4},"end":{"line":77,"column":5}},{"start":{"line":75,"column":11},"end":{"line":77,"column":5}}],"line":70},"14":{"loc":{"start":{"line":71,"column":21},"end":{"line":71,"column":92}},"type":"binary-expr","locations":[{"start":{"line":71,"column":21},"end":{"line":71,"column":72}},{"start":{"line":71,"column":76},"end":{"line":71,"column":92}}],"line":71},"15":{"loc":{"start":{"line":72,"column":8},"end":{"line":74,"column":9}},"type":"if","locations":[{"start":{"line":72,"column":8},"end":{"line":74,"column":9}},{"start":{},"end":{}}],"line":72},"16":{"loc":{"start":{"line":72,"column":12},"end":{"line":72,"column":47}},"type":"binary-expr","locations":[{"start":{"line":72,"column":12},"end":{"line":72,"column":16}},{"start":{"line":72,"column":20},"end":{"line":72,"column":29}},{"start":{"line":72,"column":33},"end":{"line":72,"column":47}}],"line":72},"17":{"loc":{"start":{"line":75,"column":11},"end":{"line":77,"column":5}},"type":"if","locations":[{"start":{"line":75,"column":11},"end":{"line":77,"column":5}},{"start":{},"end":{}}],"line":75},"18":{"loc":{"start":{"line":75,"column":15},"end":{"line":75,"column":48}},"type":"binary-expr","locations":[{"start":{"line":75,"column":15},"end":{"line":75,"column":27}},{"start":{"line":75,"column":31},"end":{"line":75,"column":48}}],"line":75},"19":{"loc":{"start":{"line":79,"column":4},"end":{"line":82,"column":5}},"type":"if","locations":[{"start":{"line":79,"column":4},"end":{"line":82,"column":5}},{"start":{},"end":{}}],"line":79},"20":{"loc":{"start":{"line":88,"column":4},"end":{"line":91,"column":5}},"type":"if","locations":[{"start":{"line":88,"column":4},"end":{"line":91,"column":5}},{"start":{},"end":{}}],"line":88},"21":{"loc":{"start":{"line":94,"column":4},"end":{"line":97,"column":5}},"type":"if","locations":[{"start":{"line":94,"column":4},"end":{"line":97,"column":5}},{"start":{},"end":{}}],"line":94},"22":{"loc":{"start":{"line":120,"column":12},"end":{"line":125,"column":13}},"type":"if","locations":[{"start":{"line":120,"column":12},"end":{"line":125,"column":13}},{"start":{},"end":{}}],"line":120},"23":{"loc":{"start":{"line":120,"column":16},"end":{"line":120,"column":100}},"type":"binary-expr","locations":[{"start":{"line":120,"column":16},"end":{"line":120,"column":37}},{"start":{"line":120,"column":41},"end":{"line":120,"column":72}},{"start":{"line":120,"column":76},"end":{"line":120,"column":100}}],"line":120},"24":{"loc":{"start":{"line":128,"column":8},"end":{"line":146,"column":9}},"type":"if","locations":[{"start":{"line":128,"column":8},"end":{"line":146,"column":9}},{"start":{"line":139,"column":15},"end":{"line":146,"column":9}}],"line":128},"25":{"loc":{"start":{"line":141,"column":12},"end":{"line":145,"column":13}},"type":"if","locations":[{"start":{"line":141,"column":12},"end":{"line":145,"column":13}},{"start":{"line":143,"column":19},"end":{"line":145,"column":13}}],"line":141},"26":{"loc":{"start":{"line":141,"column":16},"end":{"line":141,"column":111}},"type":"binary-expr","locations":[{"start":{"line":141,"column":16},"end":{"line":141,"column":61}},{"start":{"line":141,"column":65},"end":{"line":141,"column":111}}],"line":141},"27":{"loc":{"start":{"line":149,"column":39},"end":{"line":149,"column":67}},"type":"binary-expr","locations":[{"start":{"line":149,"column":39},"end":{"line":149,"column":50}},{"start":{"line":149,"column":54},"end":{"line":149,"column":67}}],"line":149},"28":{"loc":{"start":{"line":151,"column":8},"end":{"line":151,"column":43}},"type":"if","locations":[{"start":{"line":151,"column":8},"end":{"line":151,"column":43}},{"start":{},"end":{}}],"line":151},"29":{"loc":{"start":{"line":166,"column":12},"end":{"line":169,"column":13}},"type":"if","locations":[{"start":{"line":166,"column":12},"end":{"line":169,"column":13}},{"start":{},"end":{}}],"line":166},"30":{"loc":{"start":{"line":173,"column":16},"end":{"line":179,"column":17}},"type":"if","locations":[{"start":{"line":173,"column":16},"end":{"line":179,"column":17}},{"start":{"line":177,"column":23},"end":{"line":179,"column":17}}],"line":173},"31":{"loc":{"start":{"line":177,"column":23},"end":{"line":179,"column":17}},"type":"if","locations":[{"start":{"line":177,"column":23},"end":{"line":179,"column":17}},{"start":{},"end":{}}],"line":177},"32":{"loc":{"start":{"line":194,"column":0},"end":{"line":196,"column":1}},"type":"if","locations":[{"start":{"line":194,"column":0},"end":{"line":196,"column":1}},{"start":{},"end":{}}],"line":194}},"s":{"0":3,"1":3,"2":3,"3":3,"4":3,"5":0,"6":27,"7":0,"8":5,"9":4,"10":1,"11":1,"12":1,"13":0,"14":1,"15":1,"16":0,"17":0,"18":0,"19":0,"20":0,"21":1,"22":1,"23":0,"24":1,"25":7,"26":7,"27":7,"28":7,"29":14,"30":7,"31":7,"32":7,"33":7,"34":7,"35":7,"36":7,"37":7,"38":1,"39":6,"40":6,"41":6,"42":6,"43":0,"44":0,"45":0,"46":0,"47":6,"48":6,"49":6,"50":0,"51":0,"52":6,"53":6,"54":6,"55":1,"56":1,"57":5,"58":5,"59":1,"60":1,"61":4,"62":4,"63":4,"64":4,"65":4,"66":4,"67":4,"68":4,"69":4,"70":4,"71":4,"72":0,"73":0,"74":0,"75":0,"76":0,"77":0,"78":0,"79":4,"80":0,"81":0,"82":0,"83":0,"84":0,"85":0,"86":0,"87":4,"88":0,"89":4,"90":1,"91":3,"92":0,"93":4,"94":4,"95":1,"96":1,"97":1,"98":1,"99":1,"100":1,"101":1,"102":0,"103":0,"104":1,"105":1,"106":1,"107":0,"108":0,"109":1,"110":1,"111":1,"112":0,"113":0,"114":1,"115":0,"116":0,"117":3,"118":0,"119":3},"f":{"0":27,"1":0,"2":5,"3":1,"4":7,"5":14,"6":7,"7":0,"8":0,"9":0,"10":0,"11":0,"12":1,"13":1,"14":1,"15":1,"16":0},"b":{"0":[3,3],"1":[0,3],"2":[4,1],"3":[1,1],"4":[0,1],"5":[0,0],"6":[0,1],"7":[7,0],"8":[7,7],"9":[7,0],"10":[7,0],"11":[1,6],"12":[7,6],"13":[0,6],"14":[0,0],"15":[0,0],"16":[0,0,0],"17":[6,0],"18":[6,6],"19":[0,6],"20":[1,5],"21":[1,4],"22":[0,0],"23":[0,0,0],"24":[0,4],"25":[1,3],"26":[4,3],"27":[0,0],"28":[4,0],"29":[0,1],"30":[0,1],"31":[1,0],"32":[0,3]},"_coverageSchema":"1a1c01bbd47fc00a2c39e90264f33305004495a9","hash":"991a95a1918f3afc443b3fe039cdd825938f539c"}
,"/home/ubuntu/.openclaw/workspace/gmail-watcher/src/GmailClient.js": {"path":"/home/ubuntu/.openclaw/workspace/gmail-watcher/src/GmailClient.js","statementMap":{"0":{"start":{"line":6,"column":19},"end":{"line":6,"column":40}},"1":{"start":{"line":7,"column":11},"end":{"line":7,"column":24}},"2":{"start":{"line":15,"column":8},"end":{"line":15,"column":35}},"3":{"start":{"line":16,"column":8},"end":{"line":16,"column":47}},"4":{"start":{"line":17,"column":8},"end":{"line":17,"column":27}},"5":{"start":{"line":18,"column":8},"end":{"line":18,"column":25}},"6":{"start":{"line":27,"column":8},"end":{"line":27,"column":73}},"7":{"start":{"line":27,"column":25},"end":{"line":27,"column":73}},"8":{"start":{"line":29,"column":8},"end":{"line":31,"column":9}},"9":{"start":{"line":30,"column":12},"end":{"line":30,"column":70}},"10":{"start":{"line":33,"column":28},"end":{"line":33,"column":77}},"11":{"start":{"line":34,"column":60},"end":{"line":34,"column":100}},"12":{"start":{"line":35,"column":8},"end":{"line":35,"column":87}},"13":{"start":{"line":37,"column":22},"end":{"line":37,"column":65}},"14":{"start":{"line":38,"column":8},"end":{"line":38,"column":40}},"15":{"start":{"line":40,"column":8},"end":{"line":40,"column":71}},"16":{"start":{"line":41,"column":8},"end":{"line":41,"column":56}},"17":{"start":{"line":50,"column":27},"end":{"line":50,"column":49}},"18":{"start":{"line":51,"column":8},"end":{"line":57,"column":11}},"19":{"start":{"line":66,"column":8},"end":{"line":66,"column":62}},"20":{"start":{"line":66,"column":52},"end":{"line":66,"column":62}},"21":{"start":{"line":68,"column":27},"end":{"line":68,"column":49}},"22":{"start":{"line":69,"column":25},"end":{"line":69,"column":27}},"23":{"start":{"line":71,"column":8},"end":{"line":81,"column":9}},"24":{"start":{"line":72,"column":12},"end":{"line":80,"column":13}},"25":{"start":{"line":73,"column":28},"end":{"line":76,"column":18}},"26":{"start":{"line":77,"column":16},"end":{"line":77,"column":40}},"27":{"start":{"line":79,"column":16},"end":{"line":79,"column":81}},"28":{"start":{"line":82,"column":8},"end":{"line":82,"column":24}},"29":{"start":{"line":91,"column":27},"end":{"line":91,"column":49}},"30":{"start":{"line":92,"column":27},"end":{"line":92,"column":29}},"31":{"start":{"line":94,"column":8},"end":{"line":112,"column":9}},"32":{"start":{"line":95,"column":31},"end":{"line":99,"column":14}},"33":{"start":{"line":101,"column":12},"end":{"line":109,"column":13}},"34":{"start":{"line":102,"column":16},"end":{"line":108,"column":17}},"35":{"start":{"line":103,"column":20},"end":{"line":107,"column":21}},"36":{"start":{"line":104,"column":24},"end":{"line":106,"column":25}},"37":{"start":{"line":105,"column":28},"end":{"line":105,"column":73}},"38":{"start":{"line":111,"column":13},"end":{"line":111,"column":66}},"39":{"start":{"line":113,"column":8},"end":{"line":113,"column":26}},"40":{"start":{"line":122,"column":27},"end":{"line":122,"column":49}},"41":{"start":{"line":123,"column":20},"end":{"line":127,"column":10}},"42":{"start":{"line":128,"column":8},"end":{"line":128,"column":39}},"43":{"start":{"line":132,"column":0},"end":{"line":132,"column":29}}},"fnMap":{"0":{"name":"(anonymous_0)","decl":{"start":{"line":14,"column":4},"end":{"line":14,"column":5}},"loc":{"start":{"line":14,"column":44},"end":{"line":19,"column":5}},"line":14},"1":{"name":"(anonymous_1)","decl":{"start":{"line":26,"column":4},"end":{"line":26,"column":5}},"loc":{"start":{"line":26,"column":22},"end":{"line":42,"column":5}},"line":26},"2":{"name":"(anonymous_2)","decl":{"start":{"line":49,"column":4},"end":{"line":49,"column":5}},"loc":{"start":{"line":49,"column":27},"end":{"line":58,"column":5}},"line":49},"3":{"name":"(anonymous_3)","decl":{"start":{"line":65,"column":4},"end":{"line":65,"column":5}},"loc":{"start":{"line":65,"column":40},"end":{"line":83,"column":5}},"line":65},"4":{"name":"(anonymous_4)","decl":{"start":{"line":90,"column":4},"end":{"line":90,"column":5}},"loc":{"start":{"line":90,"column":37},"end":{"line":114,"column":5}},"line":90},"5":{"name":"(anonymous_5)","decl":{"start":{"line":121,"column":4},"end":{"line":121,"column":5}},"loc":{"start":{"line":121,"column":46},"end":{"line":129,"column":5}},"line":121}},"branchMap":{"0":{"loc":{"start":{"line":27,"column":8},"end":{"line":27,"column":73}},"type":"if","locations":[{"start":{"line":27,"column":8},"end":{"line":27,"column":73}},{"start":{},"end":{}}],"line":27},"1":{"loc":{"start":{"line":29,"column":8},"end":{"line":31,"column":9}},"type":"if","locations":[{"start":{"line":29,"column":8},"end":{"line":31,"column":9}},{"start":{},"end":{}}],"line":29},"2":{"loc":{"start":{"line":29,"column":12},"end":{"line":29,"column":82}},"type":"binary-expr","locations":[{"start":{"line":29,"column":12},"end":{"line":29,"column":42}},{"start":{"line":29,"column":46},"end":{"line":29,"column":82}}],"line":29},"3":{"loc":{"start":{"line":34,"column":60},"end":{"line":34,"column":100}},"type":"binary-expr","locations":[{"start":{"line":34,"column":60},"end":{"line":34,"column":81}},{"start":{"line":34,"column":85},"end":{"line":34,"column":100}}],"line":34},"4":{"loc":{"start":{"line":66,"column":8},"end":{"line":66,"column":62}},"type":"if","locations":[{"start":{"line":66,"column":8},"end":{"line":66,"column":62}},{"start":{},"end":{}}],"line":66},"5":{"loc":{"start":{"line":66,"column":12},"end":{"line":66,"column":50}},"type":"binary-expr","locations":[{"start":{"line":66,"column":12},"end":{"line":66,"column":23}},{"start":{"line":66,"column":27},"end":{"line":66,"column":50}}],"line":66},"6":{"loc":{"start":{"line":101,"column":12},"end":{"line":109,"column":13}},"type":"if","locations":[{"start":{"line":101,"column":12},"end":{"line":109,"column":13}},{"start":{},"end":{}}],"line":101},"7":{"loc":{"start":{"line":103,"column":20},"end":{"line":107,"column":21}},"type":"if","locations":[{"start":{"line":103,"column":20},"end":{"line":107,"column":21}},{"start":{},"end":{}}],"line":103},"8":{"loc":{"start":{"line":121,"column":29},"end":{"line":121,"column":44}},"type":"default-arg","locations":[{"start":{"line":121,"column":42},"end":{"line":121,"column":44}}],"line":121},"9":{"loc":{"start":{"line":128,"column":15},"end":{"line":128,"column":38}},"type":"binary-expr","locations":[{"start":{"line":128,"column":15},"end":{"line":128,"column":32}},{"start":{"line":128,"column":36},"end":{"line":128,"column":38}}],"line":128}},"s":{"0":9,"1":9,"2":18,"3":18,"4":18,"5":18,"6":3,"7":1,"8":2,"9":1,"10":1,"11":1,"12":1,"13":1,"14":1,"15":1,"16":1,"17":1,"18":1,"19":0,"20":0,"21":0,"22":0,"23":0,"24":0,"25":0,"26":0,"27":0,"28":0,"29":2,"30":2,"31":2,"32":2,"33":2,"34":1,"35":1,"36":1,"37":1,"38":0,"39":2,"40":0,"41":0,"42":0,"43":9},"f":{"0":18,"1":3,"2":1,"3":0,"4":2,"5":0},"b":{"0":[1,2],"1":[1,1],"2":[2,1],"3":[1,0],"4":[0,0],"5":[0,0],"6":[1,1],"7":[1,0],"8":[0],"9":[0,0]},"_coverageSchema":"1a1c01bbd47fc00a2c39e90264f33305004495a9","hash":"df459d6ba548aa751e0d7f8264bef2cb664d327b"}
,"/home/ubuntu/.openclaw/workspace/gmail-watcher/src/HookRunner.js": {"path":"/home/ubuntu/.openclaw/workspace/gmail-watcher/src/HookRunner.js","statementMap":{"0":{"start":{"line":6,"column":11},"end":{"line":6,"column":24}},"1":{"start":{"line":7,"column":13},"end":{"line":7,"column":28}},"2":{"start":{"line":8,"column":18},"end":{"line":8,"column":42}},"3":{"start":{"line":17,"column":8},"end":{"line":17,"column":33}},"4":{"start":{"line":18,"column":8},"end":{"line":18,"column":29}},"5":{"start":{"line":19,"column":8},"end":{"line":19,"column":29}},"6":{"start":{"line":27,"column":8},"end":{"line":27,"column":53}},"7":{"start":{"line":27,"column":43},"end":{"line":27,"column":53}},"8":{"start":{"line":28,"column":8},"end":{"line":30,"column":11}},"9":{"start":{"line":29,"column":12},"end":{"line":29,"column":72}},"10":{"start":{"line":38,"column":8},"end":{"line":38,"column":55}},"11":{"start":{"line":38,"column":48},"end":{"line":38,"column":55}},"12":{"start":{"line":40,"column":22},"end":{"line":40,"column":37}},"13":{"start":{"line":41,"column":8},"end":{"line":41,"column":39}},"14":{"start":{"line":41,"column":32},"end":{"line":41,"column":39}},"15":{"start":{"line":43,"column":24},"end":{"line":43,"column":48}},"16":{"start":{"line":45,"column":8},"end":{"line":104,"column":9}},"17":{"start":{"line":46,"column":29},"end":{"line":46,"column":59}},"18":{"start":{"line":47,"column":12},"end":{"line":47,"column":63}},"19":{"start":{"line":49,"column":12},"end":{"line":103,"column":13}},"20":{"start":{"line":51,"column":16},"end":{"line":57,"column":17}},"21":{"start":{"line":52,"column":20},"end":{"line":52,"column":33}},"22":{"start":{"line":53,"column":20},"end":{"line":53,"column":38}},"23":{"start":{"line":55,"column":20},"end":{"line":55,"column":35}},"24":{"start":{"line":56,"column":20},"end":{"line":56,"column":30}},"25":{"start":{"line":59,"column":16},"end":{"line":99,"column":19}},"26":{"start":{"line":60,"column":34},"end":{"line":63,"column":22}},"27":{"start":{"line":65,"column":20},"end":{"line":70,"column":23}},"28":{"start":{"line":66,"column":38},"end":{"line":66,"column":65}},"29":{"start":{"line":67,"column":24},"end":{"line":69,"column":27}},"30":{"start":{"line":68,"column":28},"end":{"line":68,"column":76}},"31":{"start":{"line":68,"column":45},"end":{"line":68,"column":76}},"32":{"start":{"line":72,"column":20},"end":{"line":77,"column":23}},"33":{"start":{"line":73,"column":38},"end":{"line":73,"column":65}},"34":{"start":{"line":74,"column":24},"end":{"line":76,"column":27}},"35":{"start":{"line":75,"column":28},"end":{"line":75,"column":88}},"36":{"start":{"line":75,"column":45},"end":{"line":75,"column":88}},"37":{"start":{"line":79,"column":20},"end":{"line":82,"column":23}},"38":{"start":{"line":80,"column":24},"end":{"line":80,"column":73}},"39":{"start":{"line":81,"column":24},"end":{"line":81,"column":36}},"40":{"start":{"line":84,"column":20},"end":{"line":87,"column":23}},"41":{"start":{"line":85,"column":24},"end":{"line":85,"column":72}},"42":{"start":{"line":86,"column":24},"end":{"line":86,"column":34}},"43":{"start":{"line":89,"column":20},"end":{"line":89,"column":47}},"44":{"start":{"line":90,"column":20},"end":{"line":90,"column":38}},"45":{"start":{"line":93,"column":20},"end":{"line":98,"column":38}},"46":{"start":{"line":94,"column":24},"end":{"line":97,"column":25}},"47":{"start":{"line":95,"column":28},"end":{"line":95,"column":71}},"48":{"start":{"line":96,"column":28},"end":{"line":96,"column":41}},"49":{"start":{"line":102,"column":16},"end":{"line":102,"column":83}},"50":{"start":{"line":108,"column":0},"end":{"line":108,"column":28}}},"fnMap":{"0":{"name":"(anonymous_0)","decl":{"start":{"line":16,"column":4},"end":{"line":16,"column":5}},"loc":{"start":{"line":16,"column":42},"end":{"line":20,"column":5}},"line":16},"1":{"name":"(anonymous_1)","decl":{"start":{"line":26,"column":4},"end":{"line":26,"column":5}},"loc":{"start":{"line":26,"column":15},"end":{"line":31,"column":5}},"line":26},"2":{"name":"(anonymous_2)","decl":{"start":{"line":28,"column":52},"end":{"line":28,"column":53}},"loc":{"start":{"line":28,"column":60},"end":{"line":30,"column":9}},"line":28},"3":{"name":"(anonymous_3)","decl":{"start":{"line":37,"column":4},"end":{"line":37,"column":5}},"loc":{"start":{"line":37,"column":24},"end":{"line":105,"column":5}},"line":37},"4":{"name":"(anonymous_4)","decl":{"start":{"line":59,"column":34},"end":{"line":59,"column":35}},"loc":{"start":{"line":59,"column":55},"end":{"line":99,"column":17}},"line":59},"5":{"name":"(anonymous_5)","decl":{"start":{"line":65,"column":44},"end":{"line":65,"column":45}},"loc":{"start":{"line":65,"column":54},"end":{"line":70,"column":21}},"line":65},"6":{"name":"(anonymous_6)","decl":{"start":{"line":67,"column":38},"end":{"line":67,"column":39}},"loc":{"start":{"line":67,"column":46},"end":{"line":69,"column":25}},"line":67},"7":{"name":"(anonymous_7)","decl":{"start":{"line":72,"column":44},"end":{"line":72,"column":45}},"loc":{"start":{"line":72,"column":54},"end":{"line":77,"column":21}},"line":72},"8":{"name":"(anonymous_8)","decl":{"start":{"line":74,"column":38},"end":{"line":74,"column":39}},"loc":{"start":{"line":74,"column":46},"end":{"line":76,"column":25}},"line":74},"9":{"name":"(anonymous_9)","decl":{"start":{"line":79,"column":38},"end":{"line":79,"column":39}},"loc":{"start":{"line":79,"column":47},"end":{"line":82,"column":21}},"line":79},"10":{"name":"(anonymous_10)","decl":{"start":{"line":84,"column":38},"end":{"line":84,"column":39}},"loc":{"start":{"line":84,"column":48},"end":{"line":87,"column":21}},"line":84},"11":{"name":"(anonymous_11)","decl":{"start":{"line":93,"column":31},"end":{"line":93,"column":32}},"loc":{"start":{"line":93,"column":37},"end":{"line":98,"column":21}},"line":93}},"branchMap":{"0":{"loc":{"start":{"line":27,"column":8},"end":{"line":27,"column":53}},"type":"if","locations":[{"start":{"line":27,"column":8},"end":{"line":27,"column":53}},{"start":{},"end":{}}],"line":27},"1":{"loc":{"start":{"line":38,"column":8},"end":{"line":38,"column":55}},"type":"if","locations":[{"start":{"line":38,"column":8},"end":{"line":38,"column":55}},{"start":{},"end":{}}],"line":38},"2":{"loc":{"start":{"line":38,"column":12},"end":{"line":38,"column":46}},"type":"binary-expr","locations":[{"start":{"line":38,"column":12},"end":{"line":38,"column":21}},{"start":{"line":38,"column":25},"end":{"line":38,"column":46}}],"line":38},"3":{"loc":{"start":{"line":41,"column":8},"end":{"line":41,"column":39}},"type":"if","locations":[{"start":{"line":41,"column":8},"end":{"line":41,"column":39}},{"start":{},"end":{}}],"line":41},"4":{"loc":{"start":{"line":51,"column":16},"end":{"line":57,"column":17}},"type":"if","locations":[{"start":{"line":51,"column":16},"end":{"line":57,"column":17}},{"start":{"line":54,"column":23},"end":{"line":57,"column":17}}],"line":51},"5":{"loc":{"start":{"line":68,"column":28},"end":{"line":68,"column":76}},"type":"if","locations":[{"start":{"line":68,"column":28},"end":{"line":68,"column":76}},{"start":{},"end":{}}],"line":68},"6":{"loc":{"start":{"line":75,"column":28},"end":{"line":75,"column":88}},"type":"if","locations":[{"start":{"line":75,"column":28},"end":{"line":75,"column":88}},{"start":{},"end":{}}],"line":75},"7":{"loc":{"start":{"line":94,"column":24},"end":{"line":97,"column":25}},"type":"if","locations":[{"start":{"line":94,"column":24},"end":{"line":97,"column":25}},{"start":{},"end":{}}],"line":94}},"s":{"0":9,"1":9,"2":9,"3":18,"4":18,"5":18,"6":6,"7":0,"8":6,"9":9,"10":6,"11":0,"12":6,"13":6,"14":0,"15":6,"16":6,"17":9,"18":9,"19":9,"20":9,"21":9,"22":9,"23":0,"24":0,"25":9,"26":9,"27":9,"28":0,"29":0,"30":0,"31":0,"32":9,"33":0,"34":0,"35":0,"36":0,"37":9,"38":1,"39":1,"40":9,"41":8,"42":8,"43":9,"44":9,"45":9,"46":0,"47":0,"48":0,"49":1,"50":9},"f":{"0":18,"1":6,"2":9,"3":6,"4":9,"5":0,"6":0,"7":0,"8":0,"9":1,"10":8,"11":0},"b":{"0":[0,6],"1":[0,6],"2":[6,6],"3":[0,6],"4":[9,0],"5":[0,0],"6":[0,0],"7":[0,0]},"_coverageSchema":"1a1c01bbd47fc00a2c39e90264f33305004495a9","hash":"12db5d297a6365151317bd1619ca40f23b08d1f8"}
,"/home/ubuntu/.openclaw/workspace/gmail-watcher/src/watcher.js": {"path":"/home/ubuntu/.openclaw/workspace/gmail-watcher/src/watcher.js","statementMap":{"0":{"start":{"line":7,"column":19},"end":{"line":7,"column":50}},"1":{"start":{"line":8,"column":11},"end":{"line":8,"column":24}},"2":{"start":{"line":9,"column":13},"end":{"line":9,"column":28}},"3":{"start":{"line":10,"column":13},"end":{"line":10,"column":28}},"4":{"start":{"line":11,"column":20},"end":{"line":11,"column":44}},"5":{"start":{"line":12,"column":19},"end":{"line":12,"column":42}},"6":{"start":{"line":25,"column":8},"end":{"line":25,"column":53}},"7":{"start":{"line":26,"column":8},"end":{"line":26,"column":42}},"8":{"start":{"line":27,"column":8},"end":{"line":27,"column":56}},"9":{"start":{"line":28,"column":8},"end":{"line":28,"column":101}},"10":{"start":{"line":29,"column":8},"end":{"line":29,"column":32}},"11":{"start":{"line":30,"column":8},"end":{"line":30,"column":71}},"12":{"start":{"line":31,"column":8},"end":{"line":31,"column":63}},"13":{"start":{"line":32,"column":8},"end":{"line":32,"column":75}},"14":{"start":{"line":35,"column":8},"end":{"line":37,"column":9}},"15":{"start":{"line":36,"column":12},"end":{"line":36,"column":59}},"16":{"start":{"line":39,"column":8},"end":{"line":39,"column":81}},"17":{"start":{"line":41,"column":8},"end":{"line":45,"column":10}},"18":{"start":{"line":47,"column":8},"end":{"line":47,"column":34}},"19":{"start":{"line":48,"column":8},"end":{"line":48,"column":46}},"20":{"start":{"line":50,"column":8},"end":{"line":52,"column":9}},"21":{"start":{"line":51,"column":12},"end":{"line":51,"column":68}},"22":{"start":{"line":61,"column":26},"end":{"line":61,"column":50}},"23":{"start":{"line":62,"column":25},"end":{"line":62,"column":82}},"24":{"start":{"line":63,"column":8},"end":{"line":67,"column":9}},"25":{"start":{"line":64,"column":12},"end":{"line":64,"column":77}},"26":{"start":{"line":66,"column":12},"end":{"line":66,"column":66}},"27":{"start":{"line":75,"column":8},"end":{"line":83,"column":11}},"28":{"start":{"line":76,"column":12},"end":{"line":82,"column":13}},"29":{"start":{"line":77,"column":16},"end":{"line":77,"column":75}},"30":{"start":{"line":78,"column":16},"end":{"line":78,"column":79}},"31":{"start":{"line":80,"column":16},"end":{"line":80,"column":35}},"32":{"start":{"line":81,"column":16},"end":{"line":81,"column":26}},"33":{"start":{"line":91,"column":8},"end":{"line":120,"column":9}},"34":{"start":{"line":92,"column":12},"end":{"line":92,"column":59}},"35":{"start":{"line":93,"column":29},"end":{"line":93,"column":63}},"36":{"start":{"line":96,"column":12},"end":{"line":113,"column":13}},"37":{"start":{"line":97,"column":16},"end":{"line":100,"column":19}},"38":{"start":{"line":102,"column":16},"end":{"line":105,"column":17}},"39":{"start":{"line":103,"column":20},"end":{"line":103,"column":59}},"40":{"start":{"line":104,"column":20},"end":{"line":104,"column":52}},"41":{"start":{"line":107,"column":16},"end":{"line":107,"column":84}},"42":{"start":{"line":108,"column":16},"end":{"line":108,"column":82}},"43":{"start":{"line":108,"column":57},"end":{"line":108,"column":80}},"44":{"start":{"line":109,"column":16},"end":{"line":111,"column":19}},"45":{"start":{"line":110,"column":20},"end":{"line":110,"column":87}},"46":{"start":{"line":112,"column":16},"end":{"line":112,"column":118}},"47":{"start":{"line":115,"column":24},"end":{"line":115,"column":68}},"48":{"start":{"line":116,"column":12},"end":{"line":116,"column":52}},"49":{"start":{"line":117,"column":12},"end":{"line":117,"column":159}},"50":{"start":{"line":119,"column":12},"end":{"line":119,"column":80}},"51":{"start":{"line":130,"column":8},"end":{"line":136,"column":9}},"52":{"start":{"line":131,"column":12},"end":{"line":131,"column":78}},"53":{"start":{"line":133,"column":12},"end":{"line":133,"column":71}},"54":{"start":{"line":134,"column":12},"end":{"line":134,"column":26}},"55":{"start":{"line":135,"column":12},"end":{"line":135,"column":19}},"56":{"start":{"line":138,"column":8},"end":{"line":142,"column":9}},"57":{"start":{"line":139,"column":12},"end":{"line":139,"column":96}},"58":{"start":{"line":140,"column":12},"end":{"line":140,"column":26}},"59":{"start":{"line":141,"column":12},"end":{"line":141,"column":19}},"60":{"start":{"line":144,"column":8},"end":{"line":144,"column":83}},"61":{"start":{"line":147,"column":8},"end":{"line":185,"column":11}},"62":{"start":{"line":148,"column":12},"end":{"line":182,"column":13}},"63":{"start":{"line":149,"column":33},"end":{"line":149,"column":35}},"64":{"start":{"line":151,"column":16},"end":{"line":157,"column":17}},"65":{"start":{"line":152,"column":20},"end":{"line":156,"column":21}},"66":{"start":{"line":153,"column":24},"end":{"line":153,"column":91}},"67":{"start":{"line":155,"column":25},"end":{"line":155,"column":123}},"68":{"start":{"line":159,"column":16},"end":{"line":159,"column":52}},"69":{"start":{"line":161,"column":16},"end":{"line":178,"column":17}},"70":{"start":{"line":162,"column":39},"end":{"line":162,"column":98}},"71":{"start":{"line":162,"column":71},"end":{"line":162,"column":75}},"72":{"start":{"line":162,"column":90},"end":{"line":162,"column":96}},"73":{"start":{"line":163,"column":42},"end":{"line":163,"column":93}},"74":{"start":{"line":166,"column":21},"end":{"line":173,"column":24}},"75":{"start":{"line":167,"column":38},"end":{"line":167,"column":50}},"76":{"start":{"line":168,"column":24},"end":{"line":171,"column":25}},"77":{"start":{"line":169,"column":50},"end":{"line":169,"column":101}},"78":{"start":{"line":169,"column":80},"end":{"line":169,"column":100}},"79":{"start":{"line":170,"column":28},"end":{"line":170,"column":77}},"80":{"start":{"line":170,"column":47},"end":{"line":170,"column":77}},"81":{"start":{"line":172,"column":24},"end":{"line":172,"column":93}},"82":{"start":{"line":175,"column":21},"end":{"line":175,"column":61}},"83":{"start":{"line":177,"column":21},"end":{"line":177,"column":85}},"84":{"start":{"line":181,"column":16},"end":{"line":181,"column":80}},"85":{"start":{"line":184,"column":13},"end":{"line":184,"column":72}},"86":{"start":{"line":188,"column":8},"end":{"line":188,"column":22}},"87":{"start":{"line":195,"column":8},"end":{"line":195,"column":70}},"88":{"start":{"line":196,"column":8},"end":{"line":206,"column":9}},"89":{"start":{"line":197,"column":31},"end":{"line":197,"column":76}},"90":{"start":{"line":198,"column":12},"end":{"line":203,"column":13}},"91":{"start":{"line":199,"column":38},"end":{"line":199,"column":90}},"92":{"start":{"line":200,"column":17},"end":{"line":200,"column":57}},"93":{"start":{"line":202,"column":16},"end":{"line":202,"column":76}},"94":{"start":{"line":205,"column":12},"end":{"line":205,"column":70}},"95":{"start":{"line":214,"column":8},"end":{"line":216,"column":9}},"96":{"start":{"line":215,"column":12},"end":{"line":215,"column":51}},"97":{"start":{"line":218,"column":8},"end":{"line":220,"column":11}},"98":{"start":{"line":219,"column":12},"end":{"line":219,"column":99}},"99":{"start":{"line":222,"column":8},"end":{"line":222,"column":42}},"100":{"start":{"line":223,"column":8},"end":{"line":223,"column":32}},"101":{"start":{"line":226,"column":29},"end":{"line":226,"column":52}},"102":{"start":{"line":227,"column":8},"end":{"line":229,"column":25}},"103":{"start":{"line":228,"column":12},"end":{"line":228,"column":30}},"104":{"start":{"line":236,"column":8},"end":{"line":236,"column":45}},"105":{"start":{"line":236,"column":25},"end":{"line":236,"column":45}},"106":{"start":{"line":237,"column":8},"end":{"line":240,"column":9}},"107":{"start":{"line":238,"column":12},"end":{"line":238,"column":51}},"108":{"start":{"line":239,"column":12},"end":{"line":239,"column":38}},"109":{"start":{"line":241,"column":8},"end":{"line":241,"column":70}},"110":{"start":{"line":241,"column":34},"end":{"line":241,"column":70}},"111":{"start":{"line":242,"column":8},"end":{"line":242,"column":61}},"112":{"start":{"line":246,"column":0},"end":{"line":246,"column":30}}},"fnMap":{"0":{"name":"(anonymous_0)","decl":{"start":{"line":24,"column":4},"end":{"line":24,"column":5}},"loc":{"start":{"line":24,"column":29},"end":{"line":53,"column":5}},"line":24},"1":{"name":"(anonymous_1)","decl":{"start":{"line":60,"column":4},"end":{"line":60,"column":5}},"loc":{"start":{"line":60,"column":22},"end":{"line":68,"column":5}},"line":60},"2":{"name":"(anonymous_2)","decl":{"start":{"line":74,"column":4},"end":{"line":74,"column":5}},"loc":{"start":{"line":74,"column":16},"end":{"line":84,"column":5}},"line":74},"3":{"name":"(anonymous_3)","decl":{"start":{"line":75,"column":33},"end":{"line":75,"column":34}},"loc":{"start":{"line":75,"column":47},"end":{"line":83,"column":9}},"line":75},"4":{"name":"(anonymous_4)","decl":{"start":{"line":90,"column":4},"end":{"line":90,"column":5}},"loc":{"start":{"line":90,"column":23},"end":{"line":121,"column":5}},"line":90},"5":{"name":"(anonymous_5)","decl":{"start":{"line":108,"column":48},"end":{"line":108,"column":49}},"loc":{"start":{"line":108,"column":57},"end":{"line":108,"column":80}},"line":108},"6":{"name":"(anonymous_6)","decl":{"start":{"line":109,"column":46},"end":{"line":109,"column":47}},"loc":{"start":{"line":109,"column":55},"end":{"line":111,"column":17}},"line":109},"7":{"name":"(anonymous_7)","decl":{"start":{"line":128,"column":4},"end":{"line":128,"column":5}},"loc":{"start":{"line":128,"column":33},"end":{"line":189,"column":5}},"line":128},"8":{"name":"(anonymous_8)","decl":{"start":{"line":147,"column":51},"end":{"line":147,"column":52}},"loc":{"start":{"line":147,"column":63},"end":{"line":183,"column":9}},"line":147},"9":{"name":"(anonymous_9)","decl":{"start":{"line":162,"column":66},"end":{"line":162,"column":67}},"loc":{"start":{"line":162,"column":71},"end":{"line":162,"column":75}},"line":162},"10":{"name":"(anonymous_10)","decl":{"start":{"line":162,"column":83},"end":{"line":162,"column":84}},"loc":{"start":{"line":162,"column":90},"end":{"line":162,"column":96}},"line":162},"11":{"name":"(anonymous_11)","decl":{"start":{"line":166,"column":42},"end":{"line":166,"column":43}},"loc":{"start":{"line":166,"column":49},"end":{"line":173,"column":22}},"line":166},"12":{"name":"(anonymous_12)","decl":{"start":{"line":169,"column":75},"end":{"line":169,"column":76}},"loc":{"start":{"line":169,"column":80},"end":{"line":169,"column":100}},"line":169},"13":{"name":"(anonymous_13)","decl":{"start":{"line":183,"column":17},"end":{"line":183,"column":18}},"loc":{"start":{"line":183,"column":24},"end":{"line":185,"column":9}},"line":183},"14":{"name":"(anonymous_14)","decl":{"start":{"line":194,"column":4},"end":{"line":194,"column":5}},"loc":{"start":{"line":194,"column":33},"end":{"line":207,"column":5}},"line":194},"15":{"name":"(anonymous_15)","decl":{"start":{"line":213,"column":4},"end":{"line":213,"column":5}},"loc":{"start":{"line":213,"column":18},"end":{"line":230,"column":5}},"line":213},"16":{"name":"(anonymous_16)","decl":{"start":{"line":218,"column":57},"end":{"line":218,"column":58}},"loc":{"start":{"line":218,"column":63},"end":{"line":220,"column":9}},"line":218},"17":{"name":"(anonymous_17)","decl":{"start":{"line":227,"column":43},"end":{"line":227,"column":44}},"loc":{"start":{"line":227,"column":49},"end":{"line":229,"column":9}},"line":227},"18":{"name":"(anonymous_18)","decl":{"start":{"line":235,"column":4},"end":{"line":235,"column":5}},"loc":{"start":{"line":235,"column":11},"end":{"line":243,"column":5}},"line":235}},"branchMap":{"0":{"loc":{"start":{"line":24,"column":16},"end":{"line":24,"column":27}},"type":"default-arg","locations":[{"start":{"line":24,"column":25},"end":{"line":24,"column":27}}],"line":24},"1":{"loc":{"start":{"line":25,"column":22},"end":{"line":25,"column":52}},"type":"binary-expr","locations":[{"start":{"line":25,"column":22},"end":{"line":25,"column":35}},{"start":{"line":25,"column":39},"end":{"line":25,"column":52}}],"line":25},"2":{"loc":{"start":{"line":28,"column":25},"end":{"line":28,"column":100}},"type":"binary-expr","locations":[{"start":{"line":28,"column":25},"end":{"line":28,"column":41}},{"start":{"line":28,"column":45},"end":{"line":28,"column":100}}],"line":28},"3":{"loc":{"start":{"line":30,"column":22},"end":{"line":30,"column":70}},"type":"binary-expr","locations":[{"start":{"line":30,"column":22},"end":{"line":30,"column":35}},{"start":{"line":30,"column":39},"end":{"line":30,"column":70}}],"line":30},"4":{"loc":{"start":{"line":35,"column":8},"end":{"line":37,"column":9}},"type":"if","locations":[{"start":{"line":35,"column":8},"end":{"line":37,"column":9}},{"start":{},"end":{}}],"line":35},"5":{"loc":{"start":{"line":50,"column":8},"end":{"line":52,"column":9}},"type":"if","locations":[{"start":{"line":50,"column":8},"end":{"line":52,"column":9}},{"start":{},"end":{}}],"line":50},"6":{"loc":{"start":{"line":76,"column":12},"end":{"line":82,"column":13}},"type":"if","locations":[{"start":{"line":76,"column":12},"end":{"line":82,"column":13}},{"start":{"line":79,"column":19},"end":{"line":82,"column":13}}],"line":76},"7":{"loc":{"start":{"line":96,"column":12},"end":{"line":113,"column":13}},"type":"if","locations":[{"start":{"line":96,"column":12},"end":{"line":113,"column":13}},{"start":{},"end":{}}],"line":96},"8":{"loc":{"start":{"line":96,"column":16},"end":{"line":96,"column":55}},"type":"binary-expr","locations":[{"start":{"line":96,"column":16},"end":{"line":96,"column":30}},{"start":{"line":96,"column":34},"end":{"line":96,"column":55}}],"line":96},"9":{"loc":{"start":{"line":102,"column":16},"end":{"line":105,"column":17}},"type":"if","locations":[{"start":{"line":102,"column":16},"end":{"line":105,"column":17}},{"start":{},"end":{}}],"line":102},"10":{"loc":{"start":{"line":138,"column":8},"end":{"line":142,"column":9}},"type":"if","locations":[{"start":{"line":138,"column":8},"end":{"line":142,"column":9}},{"start":{},"end":{}}],"line":138},"11":{"loc":{"start":{"line":151,"column":16},"end":{"line":157,"column":17}},"type":"if","locations":[{"start":{"line":151,"column":16},"end":{"line":157,"column":17}},{"start":{},"end":{}}],"line":151},"12":{"loc":{"start":{"line":161,"column":16},"end":{"line":178,"column":17}},"type":"if","locations":[{"start":{"line":161,"column":16},"end":{"line":178,"column":17}},{"start":{"line":176,"column":23},"end":{"line":178,"column":17}}],"line":161},"13":{"loc":{"start":{"line":168,"column":24},"end":{"line":171,"column":25}},"type":"if","locations":[{"start":{"line":168,"column":24},"end":{"line":171,"column":25}},{"start":{},"end":{}}],"line":168},"14":{"loc":{"start":{"line":168,"column":28},"end":{"line":168,"column":62}},"type":"binary-expr","locations":[{"start":{"line":168,"column":28},"end":{"line":168,"column":39}},{"start":{"line":168,"column":43},"end":{"line":168,"column":62}}],"line":168},"15":{"loc":{"start":{"line":170,"column":28},"end":{"line":170,"column":77}},"type":"if","locations":[{"start":{"line":170,"column":28},"end":{"line":170,"column":77}},{"start":{},"end":{}}],"line":170},"16":{"loc":{"start":{"line":198,"column":12},"end":{"line":203,"column":13}},"type":"if","locations":[{"start":{"line":198,"column":12},"end":{"line":203,"column":13}},{"start":{"line":201,"column":19},"end":{"line":203,"column":13}}],"line":198},"17":{"loc":{"start":{"line":214,"column":8},"end":{"line":216,"column":9}},"type":"if","locations":[{"start":{"line":214,"column":8},"end":{"line":216,"column":9}},{"start":{},"end":{}}],"line":214},"18":{"loc":{"start":{"line":236,"column":8},"end":{"line":236,"column":45}},"type":"if","locations":[{"start":{"line":236,"column":8},"end":{"line":236,"column":45}},{"start":{},"end":{}}],"line":236},"19":{"loc":{"start":{"line":237,"column":8},"end":{"line":240,"column":9}},"type":"if","locations":[{"start":{"line":237,"column":8},"end":{"line":240,"column":9}},{"start":{},"end":{}}],"line":237},"20":{"loc":{"start":{"line":241,"column":8},"end":{"line":241,"column":70}},"type":"if","locations":[{"start":{"line":241,"column":8},"end":{"line":241,"column":70}},{"start":{},"end":{}}],"line":241}},"s":{"0":9,"1":9,"2":9,"3":9,"4":9,"5":9,"6":18,"7":18,"8":18,"9":18,"10":18,"11":18,"12":18,"13":18,"14":18,"15":7,"16":18,"17":18,"18":18,"19":18,"20":18,"21":2,"22":23,"23":23,"24":23,"25":23,"26":0,"27":3,"28":3,"29":2,"30":2,"31":1,"32":1,"33":2,"34":2,"35":2,"36":1,"37":1,"38":1,"39":0,"40":0,"41":1,"42":1,"43":0,"44":1,"45":0,"46":1,"47":1,"48":1,"49":1,"50":1,"51":9,"52":9,"53":1,"54":1,"55":1,"56":8,"57":2,"58":2,"59":2,"60":6,"61":6,"62":6,"63":6,"64":6,"65":5,"66":5,"67":0,"68":6,"69":6,"70":4,"71":4,"72":4,"73":4,"74":4,"75":4,"76":4,"77":0,"78":0,"79":0,"80":0,"81":4,"82":4,"83":2,"84":0,"85":0,"86":6,"87":0,"88":0,"89":0,"90":0,"91":0,"92":0,"93":0,"94":0,"95":1,"96":0,"97":1,"98":1,"99":1,"100":1,"101":1,"102":1,"103":0,"104":1,"105":1,"106":1,"107":1,"108":1,"109":1,"110":1,"111":1,"112":9},"f":{"0":18,"1":23,"2":3,"3":3,"4":2,"5":0,"6":0,"7":9,"8":6,"9":4,"10":4,"11":4,"12":0,"13":0,"14":0,"15":1,"16":1,"17":0,"18":1},"b":{"0":[0],"1":[18,10],"2":[18,18],"3":[18,2],"4":[7,11],"5":[2,16],"6":[2,1],"7":[1,0],"8":[1,1],"9":[0,1],"10":[2,6],"11":[5,1],"12":[4,2],"13":[0,4],"14":[4,1],"15":[0,0],"16":[0,0],"17":[0,1],"18":[1,0],"19":[1,0],"20":[1,0]},"_coverageSchema":"1a1c01bbd47fc00a2c39e90264f33305004495a9","hash":"387ed991db2fd9d81d361e312128a582801e5ff4"}
}
