TN:
SF:src/watcher.js
FN:8,(anonymous_0)
FN:29,(anonymous_1)
FN:53,(anonymous_2)
FN:54,(anonymous_3)
FN:75,(anonymous_4)
FN:76,(anonymous_5)
FN:87,(anonymous_6)
FN:95,(anonymous_7)
FN:96,(anonymous_8)
FN:97,(anonymous_9)
FN:102,(anonymous_10)
FN:110,(anonymous_11)
FN:118,(anonymous_12)
FN:129,(anonymous_13)
FN:134,(anonymous_14)
FN:146,(anonymous_15)
FN:164,(anonymous_16)
FN:169,(anonymous_17)
FN:178,(anonymous_18)
FN:184,(anonymous_19)
FNF:20
FNH:15
FNDA:17,(anonymous_0)
FNDA:2,(anonymous_1)
FNDA:0,(anonymous_2)
FNDA:0,(anonymous_3)
FNDA:4,(anonymous_4)
FNDA:5,(anonymous_5)
FNDA:7,(anonymous_6)
FNDA:7,(anonymous_7)
FNDA:7,(anonymous_8)
FNDA:0,(anonymous_9)
FNDA:6,(anonymous_10)
FNDA:6,(anonymous_11)
FNDA:12,(anonymous_12)
FNDA:12,(anonymous_13)
FNDA:10,(anonymous_14)
FNDA:5,(anonymous_15)
FNDA:2,(anonymous_16)
FNDA:0,(anonymous_17)
FNDA:0,(anonymous_18)
FNDA:1,(anonymous_19)
DA:1,6
DA:2,6
DA:3,6
DA:4,6
DA:5,6
DA:9,17
DA:10,17
DA:11,17
DA:12,17
DA:13,17
DA:14,17
DA:15,17
DA:16,17
DA:17,17
DA:19,17
DA:23,2
DA:30,2
DA:31,2
DA:32,2
DA:33,1
DA:34,1
DA:37,1
DA:38,1
DA:39,1
DA:41,1
DA:42,1
DA:45,1
DA:46,1
DA:51,1
DA:52,1
DA:53,1
DA:54,1
DA:55,0
DA:57,1
DA:60,1
DA:61,1
DA:69,1
DA:71,0
DA:76,4
DA:77,5
DA:78,2
DA:79,2
DA:81,3
DA:82,3
DA:88,7
DA:89,7
DA:90,4
DA:92,7
DA:95,7
DA:96,7
DA:97,7
DA:98,0
DA:99,0
DA:102,7
DA:103,6
DA:104,6
DA:111,6
DA:112,6
DA:113,0
DA:114,0
DA:117,6
DA:118,6
DA:119,12
DA:120,12
DA:123,6
DA:124,0
DA:125,0
DA:128,6
DA:129,6
DA:130,12
DA:131,12
DA:132,12
DA:134,12
DA:135,10
DA:136,10
DA:138,10
DA:139,10
DA:140,4
DA:147,5
DA:150,5
DA:151,1
DA:152,1
DA:153,1
DA:155,1
DA:158,4
DA:159,4
DA:160,4
DA:165,2
DA:166,1
DA:169,1
DA:170,0
DA:174,1
DA:177,1
DA:178,1
DA:179,0
DA:180,0
DA:185,1
DA:186,1
DA:187,1
DA:188,1
DA:192,6
LF:101
LH:90
BRDA:8,0,0,0
BRDA:9,1,0,17
BRDA:9,1,1,8
BRDA:12,2,0,17
BRDA:12,2,1,17
BRDA:14,3,0,17
BRDA:14,3,1,5
BRDA:19,4,0,2
BRDA:19,4,1,15
BRDA:32,5,0,1
BRDA:32,5,1,1
BRDA:32,6,0,2
BRDA:32,6,1,1
BRDA:38,7,0,1
BRDA:38,7,1,0
BRDA:45,8,0,1
BRDA:45,8,1,0
BRDA:45,9,0,1
BRDA:45,9,1,1
BRDA:51,10,0,0
BRDA:51,10,1,1
BRDA:77,11,0,2
BRDA:77,11,1,3
BRDA:89,12,0,4
BRDA:89,12,1,3
BRDA:112,13,0,0
BRDA:112,13,1,6
BRDA:113,14,0,0
BRDA:113,14,1,0
BRDA:123,15,0,0
BRDA:123,15,1,6
BRDA:124,16,0,0
BRDA:124,16,1,0
BRDA:131,17,0,11
BRDA:131,17,1,1
BRDA:135,18,0,1
BRDA:135,18,1,9
BRDA:136,19,0,0
BRDA:136,19,1,10
BRDA:139,20,0,4
BRDA:139,20,1,6
BRDA:140,21,0,4
BRDA:140,21,1,0
BRDA:150,22,0,1
BRDA:150,22,1,4
BRDA:152,23,0,1
BRDA:152,23,1,0
BRDA:159,24,0,4
BRDA:159,24,1,0
BRDA:165,25,0,1
BRDA:165,25,1,1
BRDA:185,26,0,1
BRDA:185,26,1,0
BRDA:186,27,0,0
BRDA:186,27,1,1
BRDA:187,28,0,1
BRDA:187,28,1,0
BRF:57
BRH:40
end_of_record
