TN:
SF:src/watcher.js
FN:8,(anonymous_0)
FN:29,(anonymous_1)
FN:53,(anonymous_2)
FN:54,(anonymous_3)
FN:75,(anonymous_4)
FN:76,(anonymous_5)
FN:87,(anonymous_6)
FN:95,(anonymous_7)
FN:96,(anonymous_8)
FN:97,(anonymous_9)
FN:102,(anonymous_10)
FN:110,(anonymous_11)
FN:118,(anonymous_12)
FN:129,(anonymous_13)
FN:134,(anonymous_14)
FN:146,(anonymous_15)
FN:164,(anonymous_16)
FN:169,(anonymous_17)
FN:178,(anonymous_18)
FN:184,(anonymous_19)
FNF:20
FNH:14
FNDA:15,(anonymous_0)
FNDA:0,(anonymous_1)
FNDA:0,(anonymous_2)
FNDA:0,(anonymous_3)
FNDA:4,(anonymous_4)
FNDA:5,(anonymous_5)
FNDA:7,(anonymous_6)
FNDA:7,(anonymous_7)
FNDA:7,(anonymous_8)
FNDA:0,(anonymous_9)
FNDA:5,(anonymous_10)
FNDA:6,(anonymous_11)
FNDA:12,(anonymous_12)
FNDA:12,(anonymous_13)
FNDA:9,(anonymous_14)
FNDA:5,(anonymous_15)
FNDA:2,(anonymous_16)
FNDA:0,(anonymous_17)
FNDA:0,(anonymous_18)
FNDA:1,(anonymous_19)
DA:1,5
DA:2,5
DA:3,5
DA:4,5
DA:5,5
DA:9,15
DA:10,15
DA:11,15
DA:12,15
DA:13,15
DA:14,15
DA:15,15
DA:16,15
DA:17,15
DA:19,15
DA:23,0
DA:30,0
DA:31,0
DA:32,0
DA:33,0
DA:34,0
DA:37,0
DA:38,0
DA:39,0
DA:41,0
DA:42,0
DA:45,0
DA:46,0
DA:51,0
DA:52,0
DA:53,0
DA:54,0
DA:55,0
DA:57,0
DA:60,0
DA:61,0
DA:69,0
DA:71,0
DA:76,4
DA:77,5
DA:78,2
DA:79,2
DA:81,3
DA:82,3
DA:88,7
DA:89,7
DA:90,4
DA:92,7
DA:95,7
DA:96,7
DA:97,7
DA:98,0
DA:99,0
DA:102,7
DA:103,5
DA:104,5
DA:111,6
DA:112,6
DA:113,0
DA:114,0
DA:117,6
DA:118,6
DA:119,12
DA:120,12
DA:123,6
DA:124,0
DA:125,0
DA:128,6
DA:129,6
DA:130,12
DA:131,12
DA:132,12
DA:134,12
DA:135,9
DA:136,9
DA:138,9
DA:139,9
DA:140,3
DA:147,5
DA:150,5
DA:151,1
DA:152,1
DA:153,1
DA:155,1
DA:158,4
DA:159,4
DA:160,4
DA:165,2
DA:166,1
DA:169,1
DA:170,0
DA:174,1
DA:177,1
DA:178,1
DA:179,0
DA:180,0
DA:185,1
DA:186,1
DA:187,1
DA:188,1
DA:192,5
LF:101
LH:69
BRDA:8,0,0,0
BRDA:9,1,0,15
BRDA:9,1,1,6
BRDA:12,2,0,15
BRDA:12,2,1,15
BRDA:14,3,0,15
BRDA:14,3,1,5
BRDA:19,4,0,0
BRDA:19,4,1,15
BRDA:32,5,0,0
BRDA:32,5,1,0
BRDA:32,6,0,0
BRDA:32,6,1,0
BRDA:38,7,0,0
BRDA:38,7,1,0
BRDA:45,8,0,0
BRDA:45,8,1,0
BRDA:45,9,0,0
BRDA:45,9,1,0
BRDA:51,10,0,0
BRDA:51,10,1,0
BRDA:77,11,0,2
BRDA:77,11,1,3
BRDA:89,12,0,4
BRDA:89,12,1,3
BRDA:112,13,0,0
BRDA:112,13,1,6
BRDA:113,14,0,0
BRDA:113,14,1,0
BRDA:123,15,0,0
BRDA:123,15,1,6
BRDA:124,16,0,0
BRDA:124,16,1,0
BRDA:131,17,0,11
BRDA:131,17,1,1
BRDA:135,18,0,1
BRDA:135,18,1,8
BRDA:136,19,0,0
BRDA:136,19,1,9
BRDA:139,20,0,3
BRDA:139,20,1,6
BRDA:140,21,0,3
BRDA:140,21,1,0
BRDA:150,22,0,1
BRDA:150,22,1,4
BRDA:152,23,0,1
BRDA:152,23,1,0
BRDA:159,24,0,4
BRDA:159,24,1,0
BRDA:165,25,0,1
BRDA:165,25,1,1
BRDA:185,26,0,1
BRDA:185,26,1,0
BRDA:186,27,0,0
BRDA:186,27,1,1
BRDA:187,28,0,1
BRDA:187,28,1,0
BRF:57
BRH:30
end_of_record
